-------------------------------------------------------------------------------
Test set: webDriverTest.chromeDriverTest.MakeOrderTests
-------------------------------------------------------------------------------
Tests run: 1, Failures: 0, Errors: 1, Skipped: 0, Time elapsed: 0.001 s <<< FAILURE! - in webDriverTest.chromeDriverTest.MakeOrderTests
initializationError(webDriverTest.chromeDriverTest.MakeOrderTests)  Time elapsed: 0 s  <<< ERROR!
java.lang.Exception: No public static parameters method on class webDriverTest.chromeDriverTest.MakeOrderTests

